<?xml version="1.0" encoding="UTF-8"?>
<!-- Generated by org.testng.reporters.JUnitReportReporter -->
<testsuite hostname="LAPTOP-JVQM85TB" failures="0" tests="1" name="cucumberOptions.Testrunner" time="59.945" errors="0" timestamp="2022-05-25T21:50:18 IST" skipped="0">
  <testcase classname="cucumberOptions.Testrunner" name="runScenario" time="59.945"/>
  <system-out/>
</testsuite> <!-- cucumberOptions.Testrunner -->
